c:\users\kevin\downloads\esi and sdk\sdk\dll64\example_dll64_visual_cpp\elveflowdll\x64\debug\elveflowdll.pch
c:\users\kevin\downloads\esi and sdk\sdk\dll64\example_dll64_visual_cpp\elveflowdll\x64\debug\vc142.pdb
c:\users\kevin\downloads\esi and sdk\sdk\dll64\example_dll64_visual_cpp\elveflowdll\x64\debug\vc142.idb
c:\users\kevin\downloads\esi and sdk\sdk\dll64\example_dll64_visual_cpp\elveflowdll\x64\debug\stdafx.obj
c:\users\kevin\downloads\esi and sdk\sdk\dll64\example_dll64_visual_cpp\elveflowdll\x64\debug\af1.obj
c:\users\kevin\downloads\esi and sdk\sdk\dll64\example_dll64_visual_cpp\elveflowdll\x64\debug\error_check.obj
c:\users\kevin\downloads\esi and sdk\sdk\dll64\example_dll64_visual_cpp\elveflowdll\x64\debug\ob1.obj
c:\users\kevin\downloads\esi and sdk\sdk\dll64\example_dll64_visual_cpp\elveflowdll\x64\debug\mux.obj
c:\users\kevin\downloads\esi and sdk\sdk\dll64\example_dll64_visual_cpp\elveflowdll\x64\debug\f_sreader.obj
c:\users\kevin\downloads\esi and sdk\sdk\dll64\example_dll64_visual_cpp\elveflowdll\x64\debug\bfs.obj
c:\users\kevin\downloads\esi and sdk\sdk\dll64\example_dll64_visual_cpp\elveflowdll\x64\debug\main.obj
c:\users\kevin\downloads\esi and sdk\sdk\dll64\example_dll64_visual_cpp\elveflowdll\x64\debug\mux_dri.obj
c:\users\kevin\downloads\esi and sdk\sdk\dll64\example_dll64_visual_cpp\elveflowdll\x64\debug\m_s_r_d.obj
c:\users\kevin\downloads\esi and sdk\sdk\dll64\example_dll64_visual_cpp\elveflowdll\x64\debug\elveflowdll.ilk
c:\users\kevin\downloads\esi and sdk\sdk\dll64\example_dll64_visual_cpp\elveflowdll\x64\debug\elveflowdll.exe
c:\users\kevin\downloads\esi and sdk\sdk\dll64\example_dll64_visual_cpp\elveflowdll\x64\debug\elveflowdll.pdb
c:\users\kevin\downloads\esi and sdk\sdk\dll64\example_dll64_visual_cpp\elveflowdll\x64\debug\elveflowdll.tlog\cl.command.1.tlog
c:\users\kevin\downloads\esi and sdk\sdk\dll64\example_dll64_visual_cpp\elveflowdll\x64\debug\elveflowdll.tlog\cl.read.1.tlog
c:\users\kevin\downloads\esi and sdk\sdk\dll64\example_dll64_visual_cpp\elveflowdll\x64\debug\elveflowdll.tlog\cl.write.1.tlog
c:\users\kevin\downloads\esi and sdk\sdk\dll64\example_dll64_visual_cpp\elveflowdll\x64\debug\elveflowdll.tlog\link.command.1.tlog
c:\users\kevin\downloads\esi and sdk\sdk\dll64\example_dll64_visual_cpp\elveflowdll\x64\debug\elveflowdll.tlog\link.read.1.tlog
c:\users\kevin\downloads\esi and sdk\sdk\dll64\example_dll64_visual_cpp\elveflowdll\x64\debug\elveflowdll.tlog\link.write.1.tlog
